This file contains any messages produced by compilers while
running configure, to aid debugging if configure makes a mistake.

It was created by libptp2 configure 1.2.0, which was
generated by GNU Autoconf 2.69.  Invocation command line was

  $ ./configure --no-create --no-recursion

## --------- ##
## Platform. ##
## --------- ##

hostname = jetson
uname -m = aarch64
uname -r = 4.9.140-tegra
uname -s = Linux
uname -v = #1 SMP PREEMPT Tue Oct 27 21:02:37 PDT 2020

/usr/bin/uname -p = unknown
/bin/uname -X     = unknown

/bin/arch              = unknown
/usr/bin/arch -k       = unknown
/usr/convex/getsysinfo = unknown
/usr/bin/hostinfo      = unknown
/bin/machine           = unknown
/usr/bin/oslevel       = unknown
/bin/universe          = unknown

PATH: /opt/ros/melodic/bin
PATH: /home/craig/opt/dart-sdk/bin
PATH: /home/craig/.local/bin
PATH: /usr/local/sbin
PATH: /usr/local/bin
PATH: /usr/sbin
PATH: /usr/bin
PATH: /sbin
PATH: /bin
PATH: /usr/games
PATH: /usr/local/games
PATH: /snap/bin


## ----------- ##
## Core tests. ##
## ----------- ##

configure:2290: checking for a BSD-compatible install
configure:2358: result: /usr/bin/install -c
configure:2369: checking whether build environment is sane
configure:2424: result: yes
configure:2575: checking for a thread-safe mkdir -p
configure:2614: result: /bin/mkdir -p
configure:2621: checking for gawk
configure:2637: found /usr/bin/gawk
configure:2648: result: gawk
configure:2659: checking whether make sets $(MAKE)
configure:2681: result: yes
configure:2710: checking whether make supports nested variables
configure:2727: result: yes
configure:2865: checking for style of include used by make
configure:2893: result: GNU
configure:2964: checking for gcc
configure:2980: found /usr/bin/gcc
configure:2991: result: gcc
configure:3220: checking for C compiler version
configure:3229: gcc --version >&5
gcc (Ubuntu/Linaro 7.5.0-3ubuntu1~18.04) 7.5.0
Copyright (C) 2017 Free Software Foundation, Inc.
This is free software; see the source for copying conditions.  There is NO
warranty; not even for MERCHANTABILITY or FITNESS FOR A PARTICULAR PURPOSE.

configure:3240: $? = 0
configure:3229: gcc -v >&5
Using built-in specs.
COLLECT_GCC=gcc
COLLECT_LTO_WRAPPER=/usr/lib/gcc/aarch64-linux-gnu/7/lto-wrapper
Target: aarch64-linux-gnu
Configured with: ../src/configure -v --with-pkgversion='Ubuntu/Linaro 7.5.0-3ubuntu1~18.04' --with-bugurl=file:///usr/share/doc/gcc-7/README.Bugs --enable-languages=c,ada,c++,go,d,fortran,objc,obj-c++ --prefix=/usr --with-gcc-major-version-only --program-suffix=-7 --program-prefix=aarch64-linux-gnu- --enable-shared --enable-linker-build-id --libexecdir=/usr/lib --without-included-gettext --enable-threads=posix --libdir=/usr/lib --enable-nls --enable-bootstrap --enable-clocale=gnu --enable-libstdcxx-debug --enable-libstdcxx-time=yes --with-default-libstdcxx-abi=new --enable-gnu-unique-object --disable-libquadmath --disable-libquadmath-support --enable-plugin --enable-default-pie --with-system-zlib --enable-multiarch --enable-fix-cortex-a53-843419 --disable-werror --enable-checking=release --build=aarch64-linux-gnu --host=aarch64-linux-gnu --target=aarch64-linux-gnu
Thread model: posix
gcc version 7.5.0 (Ubuntu/Linaro 7.5.0-3ubuntu1~18.04) 
configure:3240: $? = 0
configure:3229: gcc -V >&5
gcc: error: unrecognized command line option '-V'
gcc: fatal error: no input files
compilation terminated.
configure:3240: $? = 1
configure:3229: gcc -qversion >&5
gcc: error: unrecognized command line option '-qversion'; did you mean '--version'?
gcc: fatal error: no input files
compilation terminated.
configure:3240: $? = 1
configure:3260: checking whether the C compiler works
configure:3282: gcc    conftest.c  >&5
configure:3286: $? = 0
configure:3334: result: yes
configure:3337: checking for C compiler default output file name
configure:3339: result: a.out
configure:3345: checking for suffix of executables
configure:3352: gcc -o conftest    conftest.c  >&5
configure:3356: $? = 0
configure:3378: result: 
configure:3400: checking whether we are cross compiling
configure:3408: gcc -o conftest    conftest.c  >&5
configure:3412: $? = 0
configure:3419: ./conftest
configure:3423: $? = 0
configure:3438: result: no
configure:3443: checking for suffix of object files
configure:3465: gcc -c   conftest.c >&5
configure:3469: $? = 0
configure:3490: result: o
configure:3494: checking whether we are using the GNU C compiler
configure:3513: gcc -c   conftest.c >&5
configure:3513: $? = 0
configure:3522: result: yes
configure:3531: checking whether gcc accepts -g
configure:3551: gcc -c -g  conftest.c >&5
configure:3551: $? = 0
configure:3592: result: yes
configure:3609: checking for gcc option to accept ISO C89
configure:3672: gcc  -c -g -O2  conftest.c >&5
configure:3672: $? = 0
configure:3685: result: none needed
configure:3710: checking whether gcc understands -c and -o together
configure:3732: gcc -c conftest.c -o conftest2.o
configure:3735: $? = 0
configure:3732: gcc -c conftest.c -o conftest2.o
configure:3735: $? = 0
configure:3747: result: yes
configure:3766: checking dependency style of gcc
configure:3877: result: gcc3
configure:3942: checking for ar
configure:3958: found /usr/bin/ar
configure:3969: result: ar
configure:3995: checking the archiver (ar) interface
configure:4011: gcc -c -g -O2  conftest.c >&5
configure:4011: $? = 0
configure:4013: ar cru libconftest.a conftest.o >&5
ar: `u' modifier ignored since `D' is the default (see `U')
configure:4016: $? = 0
configure:4044: result: ar
configure:4093: checking build system type
configure:4107: result: aarch64-unknown-linux-gnu
configure:4127: checking host system type
configure:4140: result: aarch64-unknown-linux-gnu
configure:4181: checking how to print strings
configure:4208: result: printf
configure:4229: checking for a sed that does not truncate output
configure:4293: result: /bin/sed
configure:4311: checking for grep that handles long lines and -e
configure:4369: result: /bin/grep
configure:4374: checking for egrep
configure:4436: result: /bin/grep -E
configure:4441: checking for fgrep
configure:4503: result: /bin/grep -F
configure:4538: checking for ld used by gcc
configure:4605: result: /usr/bin/ld
configure:4612: checking if the linker (/usr/bin/ld) is GNU ld
configure:4627: result: yes
configure:4639: checking for BSD- or MS-compatible name lister (nm)
configure:4693: result: /usr/bin/nm -B
configure:4823: checking the name lister (/usr/bin/nm -B) interface
configure:4830: gcc -c -g -O2  conftest.c >&5
configure:4833: /usr/bin/nm -B "conftest.o"
configure:4836: output
0000000000000000 B some_variable
configure:4843: result: BSD nm
configure:4846: checking whether ln -s works
configure:4850: result: yes
configure:4858: checking the maximum length of command line arguments
configure:4989: result: 1572864
configure:5037: checking how to convert aarch64-unknown-linux-gnu file names to aarch64-unknown-linux-gnu format
configure:5077: result: func_convert_file_noop
configure:5084: checking how to convert aarch64-unknown-linux-gnu file names to toolchain format
configure:5104: result: func_convert_file_noop
configure:5111: checking for /usr/bin/ld option to reload object files
configure:5118: result: -r
configure:5192: checking for objdump
configure:5208: found /usr/bin/objdump
configure:5219: result: objdump
configure:5251: checking how to recognize dependent libraries
configure:5451: result: pass_all
configure:5536: checking for dlltool
configure:5566: result: no
configure:5596: checking how to associate runtime and link libraries
configure:5623: result: printf %s\n
configure:5747: checking for archiver @FILE support
configure:5764: gcc -c -g -O2  conftest.c >&5
configure:5764: $? = 0
configure:5767: ar cru libconftest.a @conftest.lst >&5
ar: `u' modifier ignored since `D' is the default (see `U')
configure:5770: $? = 0
configure:5775: ar cru libconftest.a @conftest.lst >&5
ar: `u' modifier ignored since `D' is the default (see `U')
ar: conftest.o: No such file or directory
configure:5778: $? = 1
configure:5790: result: @
configure:5848: checking for strip
configure:5864: found /usr/bin/strip
configure:5875: result: strip
configure:5947: checking for ranlib
configure:5963: found /usr/bin/ranlib
configure:5974: result: ranlib
configure:6076: checking command to parse /usr/bin/nm -B output from gcc object
configure:6229: gcc -c -g -O2  conftest.c >&5
configure:6232: $? = 0
configure:6236: /usr/bin/nm -B conftest.o \| sed -n -e 's/^.*[ ]\([ABCDGIRSTW][ABCDGIRSTW]*\)[ ][ ]*\([_A-Za-z][_A-Za-z0-9]*\)$/\1 \2 \2/p' | sed '/ __gnu_lto/d' \> conftest.nm
configure:6239: $? = 0
configure:6305: gcc -o conftest -g -O2   conftest.c conftstm.o >&5
configure:6308: $? = 0
configure:6346: result: ok
configure:6393: checking for sysroot
configure:6423: result: no
configure:6430: checking for a working dd
configure:6468: result: /bin/dd
configure:6472: checking how to truncate binary pipes
configure:6487: result: /bin/dd bs=4096 count=1
configure:6816: checking for mt
configure:6832: found /bin/mt
configure:6843: result: mt
configure:6866: checking if mt is a manifest tool
configure:6872: mt '-?'
configure:6880: result: no
configure:7557: checking how to run the C preprocessor
configure:7588: gcc -E  conftest.c
configure:7588: $? = 0
configure:7602: gcc -E  conftest.c
conftest.c:11:10: fatal error: ac_nonexistent.h: No such file or directory
 #include <ac_nonexistent.h>
          ^~~~~~~~~~~~~~~~~~
compilation terminated.
configure:7602: $? = 1
configure: failed program was:
| /* confdefs.h */
| #define PACKAGE_NAME "libptp2"
| #define PACKAGE_TARNAME "libptp2"
| #define PACKAGE_VERSION "1.2.0"
| #define PACKAGE_STRING "libptp2 1.2.0"
| #define PACKAGE_BUGREPORT "findmeontheweb@nosuchemail.com"
| #define PACKAGE_URL ""
| #define PACKAGE "libptp2"
| #define VERSION "1.2.0"
| /* end confdefs.h.  */
| #include <ac_nonexistent.h>
configure:7627: result: gcc -E
configure:7647: gcc -E  conftest.c
configure:7647: $? = 0
configure:7661: gcc -E  conftest.c
conftest.c:11:10: fatal error: ac_nonexistent.h: No such file or directory
 #include <ac_nonexistent.h>
          ^~~~~~~~~~~~~~~~~~
compilation terminated.
configure:7661: $? = 1
configure: failed program was:
| /* confdefs.h */
| #define PACKAGE_NAME "libptp2"
| #define PACKAGE_TARNAME "libptp2"
| #define PACKAGE_VERSION "1.2.0"
| #define PACKAGE_STRING "libptp2 1.2.0"
| #define PACKAGE_BUGREPORT "findmeontheweb@nosuchemail.com"
| #define PACKAGE_URL ""
| #define PACKAGE "libptp2"
| #define VERSION "1.2.0"
| /* end confdefs.h.  */
| #include <ac_nonexistent.h>
configure:7690: checking for ANSI C header files
configure:7710: gcc -c -g -O2  conftest.c >&5
configure:7710: $? = 0
configure:7783: gcc -o conftest -g -O2   conftest.c  >&5
configure:7783: $? = 0
configure:7783: ./conftest
configure:7783: $? = 0
configure:7794: result: yes
configure:7807: checking for sys/types.h
configure:7807: gcc -c -g -O2  conftest.c >&5
configure:7807: $? = 0
configure:7807: result: yes
configure:7807: checking for sys/stat.h
configure:7807: gcc -c -g -O2  conftest.c >&5
configure:7807: $? = 0
configure:7807: result: yes
configure:7807: checking for stdlib.h
configure:7807: gcc -c -g -O2  conftest.c >&5
configure:7807: $? = 0
configure:7807: result: yes
configure:7807: checking for string.h
configure:7807: gcc -c -g -O2  conftest.c >&5
configure:7807: $? = 0
configure:7807: result: yes
configure:7807: checking for memory.h
configure:7807: gcc -c -g -O2  conftest.c >&5
configure:7807: $? = 0
configure:7807: result: yes
configure:7807: checking for strings.h
configure:7807: gcc -c -g -O2  conftest.c >&5
configure:7807: $? = 0
configure:7807: result: yes
configure:7807: checking for inttypes.h
configure:7807: gcc -c -g -O2  conftest.c >&5
configure:7807: $? = 0
configure:7807: result: yes
configure:7807: checking for stdint.h
configure:7807: gcc -c -g -O2  conftest.c >&5
configure:7807: $? = 0
configure:7807: result: yes
configure:7807: checking for unistd.h
configure:7807: gcc -c -g -O2  conftest.c >&5
configure:7807: $? = 0
configure:7807: result: yes
configure:7821: checking for dlfcn.h
configure:7821: gcc -c -g -O2  conftest.c >&5
configure:7821: $? = 0
configure:7821: result: yes
configure:8077: checking for objdir
configure:8092: result: .libs
configure:8356: checking if gcc supports -fno-rtti -fno-exceptions
configure:8374: gcc -c -g -O2  -fno-rtti -fno-exceptions conftest.c >&5
cc1: warning: command line option '-fno-rtti' is valid for C++/ObjC++ but not for C
configure:8378: $? = 0
configure:8391: result: no
configure:8749: checking for gcc option to produce PIC
configure:8756: result: -fPIC -DPIC
configure:8764: checking if gcc PIC flag -fPIC -DPIC works
configure:8782: gcc -c -g -O2  -fPIC -DPIC -DPIC conftest.c >&5
configure:8786: $? = 0
configure:8799: result: yes
configure:8828: checking if gcc static flag -static works
configure:8856: result: yes
configure:8871: checking if gcc supports -c -o file.o
configure:8892: gcc -c -g -O2  -o out/conftest2.o conftest.c >&5
configure:8896: $? = 0
configure:8918: result: yes
configure:8926: checking if gcc supports -c -o file.o
configure:8973: result: yes
configure:9006: checking whether the gcc linker (/usr/bin/ld) supports shared libraries
configure:10269: result: yes
configure:10306: checking whether -lc should be explicitly linked in
configure:10314: gcc -c -g -O2  conftest.c >&5
configure:10317: $? = 0
configure:10332: gcc -shared  -fPIC -DPIC conftest.o  -v -Wl,-soname -Wl,conftest -o conftest 2\>\&1 \| /bin/grep  -lc  \>/dev/null 2\>\&1
configure:10335: $? = 0
configure:10349: result: no
configure:10509: checking dynamic linker characteristics
configure:11090: gcc -o conftest -g -O2   -Wl,-rpath -Wl,/foo conftest.c  >&5
configure:11090: $? = 0
configure:11339: result: GNU/Linux ld.so
configure:11461: checking how to hardcode library paths into programs
configure:11486: result: immediate
configure:12034: checking whether stripping libraries is possible
configure:12039: result: yes
configure:12074: checking if libtool supports shared libraries
configure:12076: result: yes
configure:12079: checking whether to build shared libraries
configure:12104: result: yes
configure:12107: checking whether to build static libraries
configure:12111: result: yes
configure:12221: checking for gcc
configure:12248: result: gcc
configure:12477: checking for C compiler version
configure:12486: gcc --version >&5
gcc (Ubuntu/Linaro 7.5.0-3ubuntu1~18.04) 7.5.0
Copyright (C) 2017 Free Software Foundation, Inc.
This is free software; see the source for copying conditions.  There is NO
warranty; not even for MERCHANTABILITY or FITNESS FOR A PARTICULAR PURPOSE.

configure:12497: $? = 0
configure:12486: gcc -v >&5
Using built-in specs.
COLLECT_GCC=gcc
COLLECT_LTO_WRAPPER=/usr/lib/gcc/aarch64-linux-gnu/7/lto-wrapper
Target: aarch64-linux-gnu
Configured with: ../src/configure -v --with-pkgversion='Ubuntu/Linaro 7.5.0-3ubuntu1~18.04' --with-bugurl=file:///usr/share/doc/gcc-7/README.Bugs --enable-languages=c,ada,c++,go,d,fortran,objc,obj-c++ --prefix=/usr --with-gcc-major-version-only --program-suffix=-7 --program-prefix=aarch64-linux-gnu- --enable-shared --enable-linker-build-id --libexecdir=/usr/lib --without-included-gettext --enable-threads=posix --libdir=/usr/lib --enable-nls --enable-bootstrap --enable-clocale=gnu --enable-libstdcxx-debug --enable-libstdcxx-time=yes --with-default-libstdcxx-abi=new --enable-gnu-unique-object --disable-libquadmath --disable-libquadmath-support --enable-plugin --enable-default-pie --with-system-zlib --enable-multiarch --enable-fix-cortex-a53-843419 --disable-werror --enable-checking=release --build=aarch64-linux-gnu --host=aarch64-linux-gnu --target=aarch64-linux-gnu
Thread model: posix
gcc version 7.5.0 (Ubuntu/Linaro 7.5.0-3ubuntu1~18.04) 
configure:12497: $? = 0
configure:12486: gcc -V >&5
gcc: error: unrecognized command line option '-V'
gcc: fatal error: no input files
compilation terminated.
configure:12497: $? = 1
configure:12486: gcc -qversion >&5
gcc: error: unrecognized command line option '-qversion'; did you mean '--version'?
gcc: fatal error: no input files
compilation terminated.
configure:12497: $? = 1
configure:12501: checking whether we are using the GNU C compiler
configure:12529: result: yes
configure:12538: checking whether gcc accepts -g
configure:12599: result: yes
configure:12616: checking for gcc option to accept ISO C89
configure:12692: result: none needed
configure:12717: checking whether gcc understands -c and -o together
configure:12754: result: yes
configure:12773: checking dependency style of gcc
configure:12884: result: gcc3
configure:12909: checking for ANSI C header files
configure:13013: result: yes
configure:13024: checking libintl.h usability
configure:13024: gcc -c -g -O2 -Wall -Wmissing-declarations -Wmissing-prototypes  conftest.c >&5
configure:13024: $? = 0
configure:13024: result: yes
configure:13024: checking libintl.h presence
configure:13024: gcc -E  conftest.c
configure:13024: $? = 0
configure:13024: result: yes
configure:13024: checking for libintl.h
configure:13024: result: yes
configure:13024: checking for stdlib.h
configure:13024: result: yes
configure:13024: checking for string.h
configure:13024: result: yes
configure:13036: checking for an ANSI C-conforming const
configure:13102: gcc -c -g -O2 -Wall -Wmissing-declarations -Wmissing-prototypes  conftest.c >&5
configure:13102: $? = 0
configure:13109: result: yes
configure:13117: checking for inline
configure:13133: gcc -c -g -O2 -Wall -Wmissing-declarations -Wmissing-prototypes  conftest.c >&5
configure:13133: $? = 0
configure:13141: result: inline
configure:13159: checking whether struct tm is in sys/time.h or time.h
configure:13179: gcc -c -g -O2 -Wall -Wmissing-declarations -Wmissing-prototypes  conftest.c >&5
configure:13179: $? = 0
configure:13186: result: time.h
configure:13196: checking for error_at_line
configure:13212: gcc -o conftest -g -O2 -Wall -Wmissing-declarations -Wmissing-prototypes   -Wall conftest.c  >&5
configure:13212: $? = 0
configure:13220: result: yes
configure:13233: checking for stdlib.h
configure:13233: result: yes
configure:13243: checking for GNU libc compatible malloc
configure:13267: gcc -o conftest -g -O2 -Wall -Wmissing-declarations -Wmissing-prototypes   -Wall conftest.c  >&5
configure:13267: $? = 0
configure:13267: ./conftest
configure:13267: $? = 0
configure:13277: result: yes
configure:13298: checking whether time.h and sys/time.h may both be included
configure:13318: gcc -c -g -O2 -Wall -Wmissing-declarations -Wmissing-prototypes  conftest.c >&5
configure:13318: $? = 0
configure:13325: result: yes
configure:13339: checking for sys/time.h
configure:13339: gcc -c -g -O2 -Wall -Wmissing-declarations -Wmissing-prototypes  conftest.c >&5
configure:13339: $? = 0
configure:13339: result: yes
configure:13339: checking for unistd.h
configure:13339: result: yes
configure:13360: checking for alarm
configure:13360: gcc -o conftest -g -O2 -Wall -Wmissing-declarations -Wmissing-prototypes   -Wall conftest.c  >&5
configure:13360: $? = 0
configure:13360: result: yes
configure:13373: checking for working mktime
configure:13575: gcc -o conftest -g -O2 -Wall -Wmissing-declarations -Wmissing-prototypes   -Wall conftest.c  >&5
configure:13575: $? = 0
configure:13575: ./conftest
configure:13575: $? = 0
configure:13585: result: yes
configure:13598: checking for vprintf
configure:13598: gcc -o conftest -g -O2 -Wall -Wmissing-declarations -Wmissing-prototypes   -Wall conftest.c  >&5
conftest.c:56:6: warning: conflicting types for built-in function 'vprintf' [-Wbuiltin-declaration-mismatch]
 char vprintf ();
      ^~~~~~~
configure:13598: $? = 0
configure:13598: result: yes
configure:13604: checking for _doprnt
configure:13604: gcc -o conftest -g -O2 -Wall -Wmissing-declarations -Wmissing-prototypes   -Wall conftest.c  >&5
/tmp/ccMpQllI.o: In function `main':
/home/craig/Documents/tools/libptp2/conftest.c:68: undefined reference to `_doprnt'
collect2: error: ld returned 1 exit status
configure:13604: $? = 1
configure: failed program was:
| /* confdefs.h */
| #define PACKAGE_NAME "libptp2"
| #define PACKAGE_TARNAME "libptp2"
| #define PACKAGE_VERSION "1.2.0"
| #define PACKAGE_STRING "libptp2 1.2.0"
| #define PACKAGE_BUGREPORT "findmeontheweb@nosuchemail.com"
| #define PACKAGE_URL ""
| #define PACKAGE "libptp2"
| #define VERSION "1.2.0"
| #define STDC_HEADERS 1
| #define HAVE_SYS_TYPES_H 1
| #define HAVE_SYS_STAT_H 1
| #define HAVE_STDLIB_H 1
| #define HAVE_STRING_H 1
| #define HAVE_MEMORY_H 1
| #define HAVE_STRINGS_H 1
| #define HAVE_INTTYPES_H 1
| #define HAVE_STDINT_H 1
| #define HAVE_UNISTD_H 1
| #define HAVE_DLFCN_H 1
| #define LT_OBJDIR ".libs/"
| #define STDC_HEADERS 1
| #define HAVE_LIBINTL_H 1
| #define HAVE_STDLIB_H 1
| #define HAVE_STRING_H 1
| #define HAVE_STDLIB_H 1
| #define HAVE_MALLOC 1
| #define TIME_WITH_SYS_TIME 1
| #define HAVE_SYS_TIME_H 1
| #define HAVE_UNISTD_H 1
| #define HAVE_ALARM 1
| #define HAVE_VPRINTF 1
| /* end confdefs.h.  */
| /* Define _doprnt to an innocuous variant, in case <limits.h> declares _doprnt.
|    For example, HP-UX 11i <limits.h> declares gettimeofday.  */
| #define _doprnt innocuous__doprnt
| 
| /* System header to define __stub macros and hopefully few prototypes,
|     which can conflict with char _doprnt (); below.
|     Prefer <limits.h> to <assert.h> if __STDC__ is defined, since
|     <limits.h> exists even on freestanding compilers.  */
| 
| #ifdef __STDC__
| # include <limits.h>
| #else
| # include <assert.h>
| #endif
| 
| #undef _doprnt
| 
| /* Override any GCC internal prototype to avoid an error.
|    Use char because int might match the return type of a GCC
|    builtin and then its argument prototype would still apply.  */
| #ifdef __cplusplus
| extern "C"
| #endif
| char _doprnt ();
| /* The GNU C library defines this for functions which it implements
|     to always fail with ENOSYS.  Some functions are actually named
|     something starting with __ and the normal name is an alias.  */
| #if defined __stub__doprnt || defined __stub____doprnt
| choke me
| #endif
| 
| int
| main ()
| {
| return _doprnt ();
|   ;
|   return 0;
| }
configure:13604: result: no
configure:13618: checking for memset
configure:13618: gcc -o conftest -g -O2 -Wall -Wmissing-declarations -Wmissing-prototypes   -Wall conftest.c  >&5
conftest.c:57:6: warning: conflicting types for built-in function 'memset' [-Wbuiltin-declaration-mismatch]
 char memset ();
      ^~~~~~
configure:13618: $? = 0
configure:13618: result: yes
configure:13618: checking for strchr
configure:13618: gcc -o conftest -g -O2 -Wall -Wmissing-declarations -Wmissing-prototypes   -Wall conftest.c  >&5
conftest.c:58:6: warning: conflicting types for built-in function 'strchr' [-Wbuiltin-declaration-mismatch]
 char strchr ();
      ^~~~~~
configure:13618: $? = 0
configure:13618: result: yes
configure:13618: checking for strdup
configure:13618: gcc -o conftest -g -O2 -Wall -Wmissing-declarations -Wmissing-prototypes   -Wall conftest.c  >&5
conftest.c:59:6: warning: conflicting types for built-in function 'strdup' [-Wbuiltin-declaration-mismatch]
 char strdup ();
      ^~~~~~
configure:13618: $? = 0
configure:13618: result: yes
configure:13618: checking for strtol
configure:13618: gcc -o conftest -g -O2 -Wall -Wmissing-declarations -Wmissing-prototypes   -Wall conftest.c  >&5
configure:13618: $? = 0
configure:13618: result: yes
configure:13618: checking for getopt_long
configure:13618: gcc -o conftest -g -O2 -Wall -Wmissing-declarations -Wmissing-prototypes   -Wall conftest.c  >&5
configure:13618: $? = 0
configure:13618: result: yes
configure:13737: checking for libusb-config
configure:13755: found /usr/bin/libusb-config
configure:13767: result: /usr/bin/libusb-config
configure:13784: checking for usb_busses in -lusb
configure:13809: gcc -o conftest -g -O2 -Wall -Wmissing-declarations -Wmissing-prototypes    -Wall -L/usr/lib/aarch64-linux-gnu -lusb conftest.c -lusb   >&5
configure:13809: $? = 0
configure:13818: result: yes
configure:13908: checking whether byte ordering is bigendian
configure:13923: gcc -c -g -O2 -Wall -Wmissing-declarations -Wmissing-prototypes  conftest.c >&5
conftest.c:41:9: error: unknown type name 'not'
         not a universal capable compiler
         ^~~
conftest.c:41:15: error: expected '=', ',', ';', 'asm' or '__attribute__' before 'universal'
         not a universal capable compiler
               ^~~~~~~~~
conftest.c:41:15: error: unknown type name 'universal'
configure:13923: $? = 1
configure: failed program was:
| /* confdefs.h */
| #define PACKAGE_NAME "libptp2"
| #define PACKAGE_TARNAME "libptp2"
| #define PACKAGE_VERSION "1.2.0"
| #define PACKAGE_STRING "libptp2 1.2.0"
| #define PACKAGE_BUGREPORT "findmeontheweb@nosuchemail.com"
| #define PACKAGE_URL ""
| #define PACKAGE "libptp2"
| #define VERSION "1.2.0"
| #define STDC_HEADERS 1
| #define HAVE_SYS_TYPES_H 1
| #define HAVE_SYS_STAT_H 1
| #define HAVE_STDLIB_H 1
| #define HAVE_STRING_H 1
| #define HAVE_MEMORY_H 1
| #define HAVE_STRINGS_H 1
| #define HAVE_INTTYPES_H 1
| #define HAVE_STDINT_H 1
| #define HAVE_UNISTD_H 1
| #define HAVE_DLFCN_H 1
| #define LT_OBJDIR ".libs/"
| #define STDC_HEADERS 1
| #define HAVE_LIBINTL_H 1
| #define HAVE_STDLIB_H 1
| #define HAVE_STRING_H 1
| #define HAVE_STDLIB_H 1
| #define HAVE_MALLOC 1
| #define TIME_WITH_SYS_TIME 1
| #define HAVE_SYS_TIME_H 1
| #define HAVE_UNISTD_H 1
| #define HAVE_ALARM 1
| #define HAVE_VPRINTF 1
| #define HAVE_MEMSET 1
| #define HAVE_STRCHR 1
| #define HAVE_STRDUP 1
| #define HAVE_STRTOL 1
| #define HAVE_GETOPT_LONG 1
| #define LINUX_OS /**/
| /* end confdefs.h.  */
| #ifndef __APPLE_CC__
| 	       not a universal capable compiler
| 	     #endif
| 	     typedef int dummy;
| 
configure:13968: gcc -c -g -O2 -Wall -Wmissing-declarations -Wmissing-prototypes  conftest.c >&5
configure:13968: $? = 0
configure:13986: gcc -c -g -O2 -Wall -Wmissing-declarations -Wmissing-prototypes  conftest.c >&5
conftest.c: In function 'main':
conftest.c:47:4: error: unknown type name 'not'; did you mean 'ino_t'?
    not big endian
    ^~~
    ino_t
conftest.c:47:12: error: expected '=', ',', ';', 'asm' or '__attribute__' before 'endian'
    not big endian
            ^~~~~~
configure:13986: $? = 1
configure: failed program was:
| /* confdefs.h */
| #define PACKAGE_NAME "libptp2"
| #define PACKAGE_TARNAME "libptp2"
| #define PACKAGE_VERSION "1.2.0"
| #define PACKAGE_STRING "libptp2 1.2.0"
| #define PACKAGE_BUGREPORT "findmeontheweb@nosuchemail.com"
| #define PACKAGE_URL ""
| #define PACKAGE "libptp2"
| #define VERSION "1.2.0"
| #define STDC_HEADERS 1
| #define HAVE_SYS_TYPES_H 1
| #define HAVE_SYS_STAT_H 1
| #define HAVE_STDLIB_H 1
| #define HAVE_STRING_H 1
| #define HAVE_MEMORY_H 1
| #define HAVE_STRINGS_H 1
| #define HAVE_INTTYPES_H 1
| #define HAVE_STDINT_H 1
| #define HAVE_UNISTD_H 1
| #define HAVE_DLFCN_H 1
| #define LT_OBJDIR ".libs/"
| #define STDC_HEADERS 1
| #define HAVE_LIBINTL_H 1
| #define HAVE_STDLIB_H 1
| #define HAVE_STRING_H 1
| #define HAVE_STDLIB_H 1
| #define HAVE_MALLOC 1
| #define TIME_WITH_SYS_TIME 1
| #define HAVE_SYS_TIME_H 1
| #define HAVE_UNISTD_H 1
| #define HAVE_ALARM 1
| #define HAVE_VPRINTF 1
| #define HAVE_MEMSET 1
| #define HAVE_STRCHR 1
| #define HAVE_STRDUP 1
| #define HAVE_STRTOL 1
| #define HAVE_GETOPT_LONG 1
| #define LINUX_OS /**/
| /* end confdefs.h.  */
| #include <sys/types.h>
| 		#include <sys/param.h>
| 
| int
| main ()
| {
| #if BYTE_ORDER != BIG_ENDIAN
| 		 not big endian
| 		#endif
| 
|   ;
|   return 0;
| }
configure:14114: result: no
configure:14134: checking for le32toh in machine/endian.h
conftest.c:41:10: fatal error: machine/endian.h: No such file or directory
 #include <machine/endian.h>
          ^~~~~~~~~~~~~~~~~~
compilation terminated.
configure:14157: result: no
configure:14162: checking for ntohl in arpa/inet.h
configure:14175: result: yes
configure:14228: checking for swap32 in machine/endian.h
conftest.c:41:10: fatal error: machine/endian.h: No such file or directory
 #include <machine/endian.h>
          ^~~~~~~~~~~~~~~~~~
compilation terminated.
configure:14249: result: no
configure:14253: checking for bswap_32 in byteswap.h
configure:14266: result: yes
configure:14603: checking for uint8_t in stdint.h
configure:14616: result: yes
configure:14849: checking that generated files are newer than configure
configure:14855: result: done
configure:14891: creating ./config.status

## ---------------- ##
## Cache variables. ##
## ---------------- ##

ac_cv_build=aarch64-unknown-linux-gnu
ac_cv_c_bigendian=no
ac_cv_c_compiler_gnu=yes
ac_cv_c_const=yes
ac_cv_c_inline=inline
ac_cv_env_CC_set=
ac_cv_env_CC_value=
ac_cv_env_CFLAGS_set=
ac_cv_env_CFLAGS_value=
ac_cv_env_CPPFLAGS_set=
ac_cv_env_CPPFLAGS_value=
ac_cv_env_CPP_set=
ac_cv_env_CPP_value=
ac_cv_env_LDFLAGS_set=
ac_cv_env_LDFLAGS_value=
ac_cv_env_LIBS_set=
ac_cv_env_LIBS_value=
ac_cv_env_LT_SYS_LIBRARY_PATH_set=
ac_cv_env_LT_SYS_LIBRARY_PATH_value=
ac_cv_env_build_alias_set=
ac_cv_env_build_alias_value=
ac_cv_env_host_alias_set=
ac_cv_env_host_alias_value=
ac_cv_env_target_alias_set=
ac_cv_env_target_alias_value=
ac_cv_func__doprnt=no
ac_cv_func_alarm=yes
ac_cv_func_getopt_long=yes
ac_cv_func_malloc_0_nonnull=yes
ac_cv_func_memset=yes
ac_cv_func_strchr=yes
ac_cv_func_strdup=yes
ac_cv_func_strtol=yes
ac_cv_func_vprintf=yes
ac_cv_func_working_mktime=yes
ac_cv_header_dlfcn_h=yes
ac_cv_header_inttypes_h=yes
ac_cv_header_libintl_h=yes
ac_cv_header_memory_h=yes
ac_cv_header_stdc=yes
ac_cv_header_stdint_h=yes
ac_cv_header_stdlib_h=yes
ac_cv_header_string_h=yes
ac_cv_header_strings_h=yes
ac_cv_header_sys_stat_h=yes
ac_cv_header_sys_time_h=yes
ac_cv_header_sys_types_h=yes
ac_cv_header_time=yes
ac_cv_header_unistd_h=yes
ac_cv_host=aarch64-unknown-linux-gnu
ac_cv_lib_error_at_line=yes
ac_cv_lib_usb_usb_busses=yes
ac_cv_objext=o
ac_cv_path_EGREP='/bin/grep -E'
ac_cv_path_FGREP='/bin/grep -F'
ac_cv_path_GREP=/bin/grep
ac_cv_path_LIBUSB_CONFIG=/usr/bin/libusb-config
ac_cv_path_SED=/bin/sed
ac_cv_path_install='/usr/bin/install -c'
ac_cv_path_lt_DD=/bin/dd
ac_cv_path_mkdir=/bin/mkdir
ac_cv_prog_AWK=gawk
ac_cv_prog_CPP='gcc -E'
ac_cv_prog_ac_ct_AR=ar
ac_cv_prog_ac_ct_CC=gcc
ac_cv_prog_ac_ct_MANIFEST_TOOL=mt
ac_cv_prog_ac_ct_OBJDUMP=objdump
ac_cv_prog_ac_ct_RANLIB=ranlib
ac_cv_prog_ac_ct_STRIP=strip
ac_cv_prog_cc_c89=
ac_cv_prog_cc_g=yes
ac_cv_prog_make_make_set=yes
ac_cv_struct_tm=time.h
ac_cv_type_uint8_t=yes
am_cv_CC_dependencies_compiler_type=gcc3
am_cv_ar_interface=ar
am_cv_make_support_nested_variables=yes
am_cv_prog_cc_c_o=yes
lt_cv_ar_at_file=@
lt_cv_archive_cmds_need_lc=no
lt_cv_deplibs_check_method=pass_all
lt_cv_file_magic_cmd='$MAGIC_CMD'
lt_cv_file_magic_test_file=
lt_cv_ld_reload_flag=-r
lt_cv_nm_interface='BSD nm'
lt_cv_objdir=.libs
lt_cv_path_LD=/usr/bin/ld
lt_cv_path_NM='/usr/bin/nm -B'
lt_cv_path_mainfest_tool=no
lt_cv_prog_compiler_c_o=yes
lt_cv_prog_compiler_pic='-fPIC -DPIC'
lt_cv_prog_compiler_pic_works=yes
lt_cv_prog_compiler_rtti_exceptions=no
lt_cv_prog_compiler_static_works=yes
lt_cv_prog_gnu_ld=yes
lt_cv_sharedlib_from_linklib_cmd='printf %s\n'
lt_cv_shlibpath_overrides_runpath=yes
lt_cv_sys_global_symbol_pipe='sed -n -e '\''s/^.*[	 ]\([ABCDGIRSTW][ABCDGIRSTW]*\)[	 ][	 ]*\([_A-Za-z][_A-Za-z0-9]*\)$/\1 \2 \2/p'\'' | sed '\''/ __gnu_lto/d'\'''
lt_cv_sys_global_symbol_to_c_name_address='sed -n -e '\''s/^: \(.*\) .*$/  {"\1", (void *) 0},/p'\'' -e '\''s/^[ABCDGIRSTW][ABCDGIRSTW]* .* \(.*\)$/  {"\1", (void *) \&\1},/p'\'''
lt_cv_sys_global_symbol_to_c_name_address_lib_prefix='sed -n -e '\''s/^: \(.*\) .*$/  {"\1", (void *) 0},/p'\'' -e '\''s/^[ABCDGIRSTW][ABCDGIRSTW]* .* \(lib.*\)$/  {"\1", (void *) \&\1},/p'\'' -e '\''s/^[ABCDGIRSTW][ABCDGIRSTW]* .* \(.*\)$/  {"lib\1", (void *) \&\1},/p'\'''
lt_cv_sys_global_symbol_to_cdecl='sed -n -e '\''s/^T .* \(.*\)$/extern int \1();/p'\'' -e '\''s/^[ABCDGIRSTW][ABCDGIRSTW]* .* \(.*\)$/extern char \1;/p'\'''
lt_cv_sys_global_symbol_to_import=
lt_cv_sys_max_cmd_len=1572864
lt_cv_to_host_file_cmd=func_convert_file_noop
lt_cv_to_tool_file_cmd=func_convert_file_noop
lt_cv_truncate_bin='/bin/dd bs=4096 count=1'

## ----------------- ##
## Output variables. ##
## ----------------- ##

ACLOCAL='${SHELL} /home/craig/Documents/tools/libptp2/missing aclocal-1.15'
AMDEPBACKSLASH='\'
AMDEP_FALSE='#'
AMDEP_TRUE=''
AMTAR='$${TAR-tar}'
AM_BACKSLASH='\'
AM_DEFAULT_V='$(AM_DEFAULT_VERBOSITY)'
AM_DEFAULT_VERBOSITY='1'
AM_V='$(V)'
AR='ar'
AUTOCONF='${SHELL} /home/craig/Documents/tools/libptp2/missing autoconf'
AUTOHEADER='${SHELL} /home/craig/Documents/tools/libptp2/missing autoheader'
AUTOMAKE='${SHELL} /home/craig/Documents/tools/libptp2/missing automake-1.15'
AWK='gawk'
CC='gcc'
CCDEPMODE='depmode=gcc3'
CFLAGS='-g -O2 -Wall -Wmissing-declarations -Wmissing-prototypes'
CPP='gcc -E'
CPPFLAGS=''
CYGPATH_W='echo'
DEFS='-DHAVE_CONFIG_H'
DEPDIR='.deps'
DLLTOOL='false'
DSYMUTIL=''
DUMPBIN=''
ECHO_C=''
ECHO_N='-n'
ECHO_T=''
EGREP='/bin/grep -E'
EXEEXT=''
FGREP='/bin/grep -F'
GREP='/bin/grep'
INSTALL_DATA='${INSTALL} -m 644'
INSTALL_PROGRAM='${INSTALL}'
INSTALL_SCRIPT='${INSTALL}'
INSTALL_STRIP_PROGRAM='$(install_sh) -c -s'
LD='/usr/bin/ld'
LDFLAGS=' -Wall'
LIBOBJS=''
LIBPTP2_VERSION_INFO='2:5:1'
LIBS=''
LIBTOOL='$(SHELL) $(top_builddir)/libtool'
LIBUSB_CONFIG='/usr/bin/libusb-config'
LINUX_OS_FALSE='#'
LINUX_OS_TRUE=''
LIPO=''
LN_S='ln -s'
LTLIBOBJS=''
LT_SYS_LIBRARY_PATH=''
MAKEINFO='${SHELL} /home/craig/Documents/tools/libptp2/missing makeinfo'
MANIFEST_TOOL=':'
MKDIR_P='/bin/mkdir -p'
NM='/usr/bin/nm -B'
NMEDIT=''
OBJDUMP='objdump'
OBJEXT='o'
OTOOL64=''
OTOOL=''
PACKAGE='libptp2'
PACKAGE_BUGREPORT='findmeontheweb@nosuchemail.com'
PACKAGE_NAME='libptp2'
PACKAGE_STRING='libptp2 1.2.0'
PACKAGE_TARNAME='libptp2'
PACKAGE_URL=''
PACKAGE_VERSION='1.2.0'
PATH_SEPARATOR=':'
PTPCAM_CFLAGS=''
PTPCAM_FALSE='#'
PTPCAM_LDFLAGS='-L/usr/lib/aarch64-linux-gnu -lusb'
PTPCAM_TRUE=''
RANLIB='ranlib'
SED='/bin/sed'
SET_MAKE=''
SHELL='/bin/bash'
STRIP='strip'
VERSION='1.2.0'
ac_ct_AR='ar'
ac_ct_CC='gcc'
ac_ct_DUMPBIN=''
am__EXEEXT_FALSE=''
am__EXEEXT_TRUE='#'
am__fastdepCC_FALSE='#'
am__fastdepCC_TRUE=''
am__include='include'
am__isrc=''
am__leading_dot='.'
am__nodep='_no'
am__quote=''
am__tar='$${TAR-tar} chof - "$$tardir"'
am__untar='$${TAR-tar} xf -'
bindir='${exec_prefix}/bin'
build='aarch64-unknown-linux-gnu'
build_alias=''
build_cpu='aarch64'
build_os='linux-gnu'
build_vendor='unknown'
datadir='${datarootdir}'
datarootdir='${prefix}/share'
docdir='${datarootdir}/doc/${PACKAGE_TARNAME}'
dvidir='${docdir}'
effective_target='aarch64-unknown-linux-gnu'
exec_prefix='${prefix}'
host='aarch64-unknown-linux-gnu'
host_alias=''
host_cpu='aarch64'
host_os='linux-gnu'
host_vendor='unknown'
htmldir='${docdir}'
includedir='${prefix}/include'
infodir='${datarootdir}/info'
install_sh='${SHELL} /home/craig/Documents/tools/libptp2/install-sh'
libdir='${exec_prefix}/lib'
libexecdir='${exec_prefix}/libexec'
localedir='${datarootdir}/locale'
localstatedir='${prefix}/var'
mandir='${datarootdir}/man'
mkdir_p='$(MKDIR_P)'
oldincludedir='/usr/include'
pdfdir='${docdir}'
prefix='/usr/local'
program_transform_name='s,x,x,'
psdir='${docdir}'
runstatedir='${localstatedir}/run'
sbindir='${exec_prefix}/sbin'
sharedstatedir='${prefix}/com'
sysconfdir='${prefix}/etc'
target_alias=''

## ----------- ##
## confdefs.h. ##
## ----------- ##

/* confdefs.h */
#define PACKAGE_NAME "libptp2"
#define PACKAGE_TARNAME "libptp2"
#define PACKAGE_VERSION "1.2.0"
#define PACKAGE_STRING "libptp2 1.2.0"
#define PACKAGE_BUGREPORT "findmeontheweb@nosuchemail.com"
#define PACKAGE_URL ""
#define PACKAGE "libptp2"
#define VERSION "1.2.0"
#define STDC_HEADERS 1
#define HAVE_SYS_TYPES_H 1
#define HAVE_SYS_STAT_H 1
#define HAVE_STDLIB_H 1
#define HAVE_STRING_H 1
#define HAVE_MEMORY_H 1
#define HAVE_STRINGS_H 1
#define HAVE_INTTYPES_H 1
#define HAVE_STDINT_H 1
#define HAVE_UNISTD_H 1
#define HAVE_DLFCN_H 1
#define LT_OBJDIR ".libs/"
#define STDC_HEADERS 1
#define HAVE_LIBINTL_H 1
#define HAVE_STDLIB_H 1
#define HAVE_STRING_H 1
#define HAVE_STDLIB_H 1
#define HAVE_MALLOC 1
#define TIME_WITH_SYS_TIME 1
#define HAVE_SYS_TIME_H 1
#define HAVE_UNISTD_H 1
#define HAVE_ALARM 1
#define HAVE_VPRINTF 1
#define HAVE_MEMSET 1
#define HAVE_STRCHR 1
#define HAVE_STRDUP 1
#define HAVE_STRTOL 1
#define HAVE_GETOPT_LONG 1
#define LINUX_OS /**/

configure: exit 0

## ---------------------- ##
## Running config.status. ##
## ---------------------- ##

This file was extended by libptp2 config.status 1.2.0, which was
generated by GNU Autoconf 2.69.  Invocation command line was

  CONFIG_FILES    = 
  CONFIG_HEADERS  = 
  CONFIG_LINKS    = 
  CONFIG_COMMANDS = 
  $ ./config.status 

on jetson

config.status:1111: creating Makefile
config.status:1111: creating src/Makefile
config.status:1111: creating config.h
config.status:1292: config.h is unchanged
config.status:1340: executing depfiles commands
config.status:1340: executing libtool commands

## ---------------------- ##
## Running config.status. ##
## ---------------------- ##

This file was extended by libptp2 config.status 1.2.0, which was
generated by GNU Autoconf 2.69.  Invocation command line was

  CONFIG_FILES    = 
  CONFIG_HEADERS  = 
  CONFIG_LINKS    = 
  CONFIG_COMMANDS = 
  $ ./config.status config.h

on jetson

config.status:1111: creating config.h
config.status:1292: config.h is unchanged
